31/05/2012 11:14:31 (Std) 	+-+-+-+-+-+-+-+-+-+-+-+-+-+-+-+-+-+-+-+-+-+-+-+-+-+-+-+-+-+-+-+-+-+-+-+-+-+-+-+
31/05/2012 11:14:31 (Std) 	+                     Crazy Eddie's GUI System - Event log                    +
31/05/2012 11:14:31 (Std) 	+                          (http://www.cegui.org.uk/)                         +
31/05/2012 11:14:31 (Std) 	+-+-+-+-+-+-+-+-+-+-+-+-+-+-+-+-+-+-+-+-+-+-+-+-+-+-+-+-+-+-+-+-+-+-+-+-+-+-+-+

31/05/2012 11:14:31 (Std) 	CEGUI::Logger singleton created. (04378640)
31/05/2012 11:14:31 (Std) 	
31/05/2012 11:14:31 (Std) 	********************************************************************************
31/05/2012 11:14:31 (Std) 	* Important:                                                                   *
31/05/2012 11:14:31 (Std) 	*     To get support at the CEGUI forums, you must post _at least_ the section *
31/05/2012 11:14:31 (Std) 	*     of this log file indicated below.  Failure to do this will result in no  *
31/05/2012 11:14:31 (Std) 	*     support being given; please do not waste our time.                       *
31/05/2012 11:14:31 (Std) 	********************************************************************************
31/05/2012 11:14:31 (Std) 	********************************************************************************
31/05/2012 11:14:31 (Std) 	* -------- START OF ESSENTIAL SECTION TO BE POSTED ON THE FORUM       -------- *
31/05/2012 11:14:31 (Std) 	********************************************************************************
31/05/2012 11:14:31 (Std) 	---- Version 0.7.5 (Build: Dec  3 2010 Microsoft Windows MSVC++ 9.0 32 bit) ----
31/05/2012 11:14:31 (Std) 	---- Renderer module is: CEGUI::OgreRenderer - Official OGRE based 2nd generation renderer module. ----
31/05/2012 11:14:31 (Std) 	---- XML Parser module is: CEGUI::ExpatParser - Official expat based parser module for CEGUI ----
31/05/2012 11:14:31 (Std) 	---- Image Codec module is: OgreImageCodec - Integrated ImageCodec using the Ogre engine. ----
31/05/2012 11:14:31 (Std) 	---- Scripting module is: None ----
31/05/2012 11:14:31 (Std) 	********************************************************************************
31/05/2012 11:14:31 (Std) 	* -------- END OF ESSENTIAL SECTION TO BE POSTED ON THE FORUM         -------- *
31/05/2012 11:14:31 (Std) 	********************************************************************************
31/05/2012 11:14:31 (Std) 	
31/05/2012 11:14:31 (Std) 	---- Begining CEGUI System initialisation ----
31/05/2012 11:14:31 (Std) 	CEGUI::ImagesetManager singleton created (02D8BEC8)
31/05/2012 11:14:31 (Std) 	CEGUI::FontManager singleton created. (02C2E400)
31/05/2012 11:14:31 (Std) 	CEGUI::WindowFactoryManager singleton created
31/05/2012 11:14:31 (Std) 	CEGUI::WindowManager singleton created (0437B158)
31/05/2012 11:14:31 (Std) 	CEGUI::SchemeManager singleton created. (02C095B8)
31/05/2012 11:14:31 (Std) 	CEGUI::MouseCursor singleton created. (02D234F8)
31/05/2012 11:14:31 (Std) 	CEGUI::GlobalEventSet singleton created. (04361528)
31/05/2012 11:14:31 (Std) 	CEGUI::AnimationManager singleton created (02D23478)
31/05/2012 11:14:31 (Std) 	CEGUI::WidgetLookManager singleton created. (04376850)
31/05/2012 11:14:31 (Std) 	CEGUI::WindowRendererManager singleton created (04376AF8)
31/05/2012 11:14:31 (Std) 	CEGUI::RenderEffectManager singleton created (04371870)
31/05/2012 11:14:31 (Std) 	Created WindowFactory for 'DefaultWindow' windows.
31/05/2012 11:14:31 (Std) 	WindowFactory for 'DefaultWindow' windows added. (041A8E08)
31/05/2012 11:14:31 (Std) 	Created WindowFactory for 'DragContainer' windows.
31/05/2012 11:14:31 (Std) 	WindowFactory for 'DragContainer' windows added. (041A8EB0)
31/05/2012 11:14:31 (Std) 	Created WindowFactory for 'ScrolledContainer' windows.
31/05/2012 11:14:31 (Std) 	WindowFactory for 'ScrolledContainer' windows added. (041A8F58)
31/05/2012 11:14:31 (Std) 	Created WindowFactory for 'ClippedContainer' windows.
31/05/2012 11:14:31 (Std) 	WindowFactory for 'ClippedContainer' windows added. (041A9000)
31/05/2012 11:14:31 (Std) 	Created WindowFactory for 'CEGUI/Checkbox' windows.
31/05/2012 11:14:31 (Std) 	WindowFactory for 'CEGUI/Checkbox' windows added. (041A90A8)
31/05/2012 11:14:31 (Std) 	Created WindowFactory for 'CEGUI/PushButton' windows.
31/05/2012 11:14:31 (Std) 	WindowFactory for 'CEGUI/PushButton' windows added. (041A9150)
31/05/2012 11:14:31 (Std) 	Created WindowFactory for 'CEGUI/RadioButton' windows.
31/05/2012 11:14:31 (Std) 	WindowFactory for 'CEGUI/RadioButton' windows added. (041A91F8)
31/05/2012 11:14:31 (Std) 	Created WindowFactory for 'CEGUI/Combobox' windows.
31/05/2012 11:14:31 (Std) 	WindowFactory for 'CEGUI/Combobox' windows added. (041A92A0)
31/05/2012 11:14:31 (Std) 	Created WindowFactory for 'CEGUI/ComboDropList' windows.
31/05/2012 11:14:31 (Std) 	WindowFactory for 'CEGUI/ComboDropList' windows added. (041A9348)
31/05/2012 11:14:31 (Std) 	Created WindowFactory for 'CEGUI/Editbox' windows.
31/05/2012 11:14:31 (Std) 	WindowFactory for 'CEGUI/Editbox' windows added. (041A93F0)
31/05/2012 11:14:31 (Std) 	Created WindowFactory for 'CEGUI/FrameWindow' windows.
31/05/2012 11:14:31 (Std) 	WindowFactory for 'CEGUI/FrameWindow' windows added. (041A9498)
31/05/2012 11:14:31 (Std) 	Created WindowFactory for 'CEGUI/ItemEntry' windows.
31/05/2012 11:14:31 (Std) 	WindowFactory for 'CEGUI/ItemEntry' windows added. (041A9540)
31/05/2012 11:14:31 (Std) 	Created WindowFactory for 'CEGUI/Listbox' windows.
31/05/2012 11:14:31 (Std) 	WindowFactory for 'CEGUI/Listbox' windows added. (041A95E8)
31/05/2012 11:14:31 (Std) 	Created WindowFactory for 'CEGUI/ListHeader' windows.
31/05/2012 11:14:31 (Std) 	WindowFactory for 'CEGUI/ListHeader' windows added. (041A9690)
31/05/2012 11:14:31 (Std) 	Created WindowFactory for 'CEGUI/ListHeaderSegment' windows.
31/05/2012 11:14:31 (Std) 	WindowFactory for 'CEGUI/ListHeaderSegment' windows added. (041A9738)
31/05/2012 11:14:31 (Std) 	Created WindowFactory for 'CEGUI/Menubar' windows.
31/05/2012 11:14:31 (Std) 	WindowFactory for 'CEGUI/Menubar' windows added. (041A97E0)
31/05/2012 11:14:31 (Std) 	Created WindowFactory for 'CEGUI/PopupMenu' windows.
31/05/2012 11:14:31 (Std) 	WindowFactory for 'CEGUI/PopupMenu' windows added. (041A9888)
31/05/2012 11:14:31 (Std) 	Created WindowFactory for 'CEGUI/MenuItem' windows.
31/05/2012 11:14:31 (Std) 	WindowFactory for 'CEGUI/MenuItem' windows added. (041A9930)
31/05/2012 11:14:31 (Std) 	Created WindowFactory for 'CEGUI/MultiColumnList' windows.
31/05/2012 11:14:31 (Std) 	WindowFactory for 'CEGUI/MultiColumnList' windows added. (041A99D8)
31/05/2012 11:14:31 (Std) 	Created WindowFactory for 'CEGUI/MultiLineEditbox' windows.
31/05/2012 11:14:31 (Std) 	WindowFactory for 'CEGUI/MultiLineEditbox' windows added. (041A9A80)
31/05/2012 11:14:31 (Std) 	Created WindowFactory for 'CEGUI/ProgressBar' windows.
31/05/2012 11:14:31 (Std) 	WindowFactory for 'CEGUI/ProgressBar' windows added. (041A9B28)
31/05/2012 11:14:31 (Std) 	Created WindowFactory for 'CEGUI/ScrollablePane' windows.
31/05/2012 11:14:31 (Std) 	WindowFactory for 'CEGUI/ScrollablePane' windows added. (041A9BD0)
31/05/2012 11:14:31 (Std) 	Created WindowFactory for 'CEGUI/Scrollbar' windows.
31/05/2012 11:14:31 (Std) 	WindowFactory for 'CEGUI/Scrollbar' windows added. (041A9C78)
31/05/2012 11:14:31 (Std) 	Created WindowFactory for 'CEGUI/Slider' windows.
31/05/2012 11:14:31 (Std) 	WindowFactory for 'CEGUI/Slider' windows added. (041A9D20)
31/05/2012 11:14:31 (Std) 	Created WindowFactory for 'CEGUI/Spinner' windows.
31/05/2012 11:14:31 (Std) 	WindowFactory for 'CEGUI/Spinner' windows added. (041A9DC8)
31/05/2012 11:14:31 (Std) 	Created WindowFactory for 'CEGUI/TabButton' windows.
31/05/2012 11:14:31 (Std) 	WindowFactory for 'CEGUI/TabButton' windows added. (041A9E70)
31/05/2012 11:14:31 (Std) 	Created WindowFactory for 'CEGUI/TabControl' windows.
31/05/2012 11:14:31 (Std) 	WindowFactory for 'CEGUI/TabControl' windows added. (041A9F18)
31/05/2012 11:14:31 (Std) 	Created WindowFactory for 'CEGUI/Thumb' windows.
31/05/2012 11:14:31 (Std) 	WindowFactory for 'CEGUI/Thumb' windows added. (041A9FC0)
31/05/2012 11:14:31 (Std) 	Created WindowFactory for 'CEGUI/Titlebar' windows.
31/05/2012 11:14:31 (Std) 	WindowFactory for 'CEGUI/Titlebar' windows added. (041AA068)
31/05/2012 11:14:31 (Std) 	Created WindowFactory for 'CEGUI/Tooltip' windows.
31/05/2012 11:14:31 (Std) 	WindowFactory for 'CEGUI/Tooltip' windows added. (041AA110)
31/05/2012 11:14:31 (Std) 	Created WindowFactory for 'CEGUI/ItemListbox' windows.
31/05/2012 11:14:31 (Std) 	WindowFactory for 'CEGUI/ItemListbox' windows added. (04405F90)
31/05/2012 11:14:31 (Std) 	Created WindowFactory for 'CEGUI/GroupBox' windows.
31/05/2012 11:14:31 (Std) 	WindowFactory for 'CEGUI/GroupBox' windows added. (04406038)
31/05/2012 11:14:31 (Std) 	Created WindowFactory for 'CEGUI/Tree' windows.
31/05/2012 11:14:31 (Std) 	WindowFactory for 'CEGUI/Tree' windows added. (044060E0)
31/05/2012 11:14:31 (Std) 	Created WindowFactory for 'HorizontalLayoutContainer' windows.
31/05/2012 11:14:31 (Std) 	WindowFactory for 'HorizontalLayoutContainer' windows added. (04406188)
31/05/2012 11:14:31 (Std) 	Created WindowFactory for 'VerticalLayoutContainer' windows.
31/05/2012 11:14:31 (Std) 	WindowFactory for 'VerticalLayoutContainer' windows added. (04406230)
31/05/2012 11:14:31 (Std) 	Created WindowFactory for 'GridLayoutContainer' windows.
31/05/2012 11:14:31 (Std) 	WindowFactory for 'GridLayoutContainer' windows added. (044062D8)
31/05/2012 11:14:31 (Std) 	Window type alias named 'DefaultGUISheet' added for window type 'DefaultWindow'.
31/05/2012 11:14:31 (Std) 	CEGUI::System singleton created. (041AB168)
31/05/2012 11:14:31 (Std) 	---- CEGUI System initialisation completed ----
31/05/2012 11:14:31 (Std) 	
