11:14:29: Creating resource group General
11:14:29: Creating resource group Internal
11:14:29: Creating resource group Autodetect
11:14:29: SceneManagerFactory for type 'DefaultSceneManager' registered.
11:14:29: Registering ResourceManager for type Material
11:14:29: Registering ResourceManager for type Mesh
11:14:29: Registering ResourceManager for type Skeleton
11:14:29: MovableObjectFactory for type 'ParticleSystem' registered.
11:14:29: OverlayElementFactory for type Panel registered.
11:14:29: OverlayElementFactory for type BorderPanel registered.
11:14:29: OverlayElementFactory for type TextArea registered.
11:14:29: Registering ResourceManager for type Font
11:14:29: ArchiveFactory for archive type FileSystem registered.
11:14:29: ArchiveFactory for archive type Zip registered.
11:14:29: DDS codec registering
11:14:29: FreeImage version: 3.13.1
11:14:29: This program uses FreeImage, a free, open source image library supporting all common bitmap formats. See http://freeimage.sourceforge.net for details
11:14:29: Supported formats: bmp,ico,jpg,jif,jpeg,jpe,jng,koa,iff,lbm,mng,pbm,pbm,pcd,pcx,pgm,pgm,png,ppm,ppm,ras,tga,targa,tif,tiff,wap,wbmp,wbm,psd,cut,xbm,xpm,gif,hdr,g3,sgi,exr,j2k,j2c,jp2,pfm,pct,pict,pic,bay,bmq,cr2,crw,cs1,dc2,dcr,dng,erf,fff,hdr,k25,kdc,mdc,mos,mrw,nef,orf,pef,pxn,raf,raw,rdc,sr2,srf,arw,3fr,cine,ia,kc2,mef,nrw,qtk,rw2,sti,drf,dsc,ptx,cap,iiq,rwz
11:14:29: Registering ResourceManager for type HighLevelGpuProgram
11:14:29: Registering ResourceManager for type Compositor
11:14:29: MovableObjectFactory for type 'Entity' registered.
11:14:29: MovableObjectFactory for type 'Light' registered.
11:14:29: MovableObjectFactory for type 'BillboardSet' registered.
11:14:29: MovableObjectFactory for type 'ManualObject' registered.
11:14:29: MovableObjectFactory for type 'BillboardChain' registered.
11:14:29: MovableObjectFactory for type 'RibbonTrail' registered.
11:14:29: Loading library ../plugins\RenderSystem_GL.dll
11:14:29: Installing plugin: GL RenderSystem
11:14:29: OpenGL Rendering Subsystem created.
11:14:30: Plugin successfully installed
11:14:30: Loading library ../plugins\RenderSystem_Direct3D9.dll
11:14:30: Installing plugin: D3D9 RenderSystem
11:14:30: D3D9 : Direct3D9 Rendering Subsystem created.
11:14:30: D3D9: Driver Detection Starts
11:14:30: D3D9: Driver Detection Ends
11:14:30: Plugin successfully installed
11:14:30: Loading library ../plugins\Plugin_ParticleFX.dll
11:14:30: Installing plugin: ParticleFX
11:14:30: Particle Emitter Type 'Point' registered
11:14:30: Particle Emitter Type 'Box' registered
11:14:30: Particle Emitter Type 'Ellipsoid' registered
11:14:30: Particle Emitter Type 'Cylinder' registered
11:14:30: Particle Emitter Type 'Ring' registered
11:14:30: Particle Emitter Type 'HollowEllipsoid' registered
11:14:30: Particle Affector Type 'LinearForce' registered
11:14:30: Particle Affector Type 'ColourFader' registered
11:14:30: Particle Affector Type 'ColourFader2' registered
11:14:30: Particle Affector Type 'ColourImage' registered
11:14:30: Particle Affector Type 'ColourInterpolator' registered
11:14:30: Particle Affector Type 'Scaler' registered
11:14:30: Particle Affector Type 'Rotator' registered
11:14:30: Particle Affector Type 'DirectionRandomiser' registered
11:14:30: Particle Affector Type 'DeflectorPlane' registered
11:14:30: Plugin successfully installed
11:14:30: Loading library ../plugins\Plugin_BSPSceneManager.dll
11:14:30: Installing plugin: BSP Scene Manager
11:14:30: Plugin successfully installed
11:14:30: Loading library ../plugins\Plugin_OctreeSceneManager.dll
11:14:30: Installing plugin: Octree & Terrain Scene Manager
11:14:30: Plugin successfully installed
11:14:30: Loading library ../plugins\Plugin_CgProgramManager.dll
11:14:30: Installing plugin: Cg Program Manager
11:14:30: Plugin successfully installed
11:14:30: *-*-* OGRE Initialising
11:14:30: *-*-* Version 1.7.2 (Cthugha)
11:14:30: Creating resource group Bootstrap
11:14:30: Added resource location '../media/packs/OgreCore.zip' of type 'Zip' to resource group 'Bootstrap'
11:14:30: Added resource location '../media' of type 'FileSystem' to resource group 'General'
11:14:30: Added resource location '../media/fonts' of type 'FileSystem' to resource group 'General'
11:14:30: Added resource location '../media/sounds' of type 'FileSystem' to resource group 'General'
11:14:30: Added resource location '../media/Audio' of type 'FileSystem' to resource group 'General'
11:14:30: Added resource location '../media/materials/programs' of type 'FileSystem' to resource group 'General'
11:14:30: Added resource location '../media/materials/scripts' of type 'FileSystem' to resource group 'General'
11:14:30: Added resource location '../media/materials/textures' of type 'FileSystem' to resource group 'General'
11:14:30: Added resource location '../media/models' of type 'FileSystem' to resource group 'General'
11:14:30: Added resource location '../media/overlays' of type 'FileSystem' to resource group 'General'
11:14:30: Added resource location '../media/particle' of type 'FileSystem' to resource group 'General'
11:14:30: Added resource location '../media/gui' of type 'FileSystem' to resource group 'General'
11:14:30: Added resource location '../media/packs/cubemap.zip' of type 'Zip' to resource group 'General'
11:14:30: Added resource location '../media/packs/cubemapsJS.zip' of type 'Zip' to resource group 'General'
11:14:30: Added resource location '../media/packs/dragon.zip' of type 'Zip' to resource group 'General'
11:14:30: Added resource location '../media/packs/fresneldemo.zip' of type 'Zip' to resource group 'General'
11:14:30: Added resource location '../media/packs/ogretestmap.zip' of type 'Zip' to resource group 'General'
11:14:30: Added resource location '../media/packs/skybox.zip' of type 'Zip' to resource group 'General'
11:14:30: Added resource location '../media/packs/chiropteraDM.pk3' of type 'Zip' to resource group 'General'
11:14:30: D3D9 : RenderSystem Option: Allow NVPerfHUD = No
11:14:30: D3D9 : RenderSystem Option: FSAA = 2
11:14:30: D3D9 : RenderSystem Option: Floating-point mode = Fastest
11:14:30: D3D9 : RenderSystem Option: Full Screen = No
11:14:30: D3D9 : RenderSystem Option: Rendering Device = Monitor-1-NVIDIA GeForce 9600M GT
11:14:30: D3D9 : RenderSystem Option: Resource Creation Policy = Create on all devices
11:14:30: D3D9 : RenderSystem Option: VSync = No
11:14:30: D3D9 : RenderSystem Option: VSync Interval = 1
11:14:30: D3D9 : RenderSystem Option: Video Mode = 1280 x 720 @ 32-bit colour
11:14:30: D3D9 : RenderSystem Option: sRGB Gamma Conversion = No
11:14:30: CPU Identifier & Features
11:14:30: -------------------------
11:14:30:  *   CPU ID: GenuineIntel: Intel(R) Core(TM)2 Duo CPU     T9600  @ 2.80GHz
11:14:30:  *      SSE: yes
11:14:30:  *     SSE2: yes
11:14:30:  *     SSE3: yes
11:14:30:  *      MMX: yes
11:14:30:  *   MMXEXT: yes
11:14:30:  *    3DNOW: no
11:14:30:  * 3DNOWEXT: no
11:14:30:  *     CMOV: yes
11:14:30:  *      TSC: yes
11:14:30:  *      FPU: yes
11:14:30:  *      PRO: yes
11:14:30:  *       HT: no
11:14:30: -------------------------
11:14:30: *** Starting Win32GL Subsystem ***
11:14:30: GLRenderSystem::_createRenderWindow "Maverick 2", 1280x720 windowed  miscParams: FSAA=2 FSAAHint= colourDepth=32 displayFrequency=0 gamma=false vsync=false vsyncInterval=1 
11:14:30: Created Win32Window 'Maverick 2' : 1296x758, 32bpp
11:14:30: GL_VERSION = 3.3.0
11:14:30: GL_VENDOR = NVIDIA Corporation
11:14:30: GL_RENDERER = GeForce 9600M GT/PCI/SSE2
11:14:30: GL_EXTENSIONS = GL_ARB_blend_func_extended GL_ARB_color_buffer_float GL_ARB_compatibility GL_ARB_copy_buffer GL_ARB_depth_buffer_float GL_ARB_depth_clamp GL_ARB_depth_texture GL_ARB_draw_buffers GL_ARB_draw_elements_base_vertex GL_ARB_draw_instanced GL_ARB_explicit_attrib_location GL_ARB_fragment_coord_conventions GL_ARB_fragment_program GL_ARB_fragment_program_shadow GL_ARB_fragment_shader GL_ARB_framebuffer_object GL_ARB_framebuffer_sRGB GL_ARB_geometry_shader4 GL_ARB_half_float_pixel GL_ARB_half_float_vertex GL_ARB_imaging GL_ARB_instanced_arrays GL_ARB_map_buffer_range GL_ARB_multisample GL_ARB_multitexture GL_ARB_occlusion_query GL_ARB_occlusion_query2 GL_ARB_pixel_buffer_object GL_ARB_point_parameters GL_ARB_point_sprite GL_ARB_provoking_vertex GL_ARB_sampler_objects GL_ARB_seamless_cube_map GL_ARB_shader_bit_encoding GL_ARB_shader_objects GL_ARB_shading_language_100 GL_ARB_shadow GL_ARB_sync GL_ARB_texture_border_clamp GL_ARB_texture_buffer_object GL_ARB_texture_compression GL_ARB_texture_compression_rgtc GL_ARB_texture_cube_map GL_ARB_texture_env_add GL_ARB_texture_env_combine GL_ARB_texture_env_crossbar GL_ARB_texture_env_dot3 GL_ARB_texture_float GL_ARB_texture_mirrored_repeat GL_ARB_texture_multisample GL_ARB_texture_non_power_of_two GL_ARB_texture_rectangle GL_ARB_texture_rg GL_ARB_texture_rgb10_a2ui GL_ARB_texture_swizzle GL_ARB_timer_query GL_ARB_transpose_matrix GL_ARB_uniform_buffer_object GL_ARB_vertex_array_bgra GL_ARB_vertex_array_object GL_ARB_vertex_buffer_object GL_ARB_vertex_program GL_ARB_vertex_shader GL_ARB_vertex_type_2_10_10_10_rev GL_ARB_window_pos GL_ATI_draw_buffers GL_ATI_texture_float GL_ATI_texture_mirror_once GL_S3_s3tc GL_EXT_texture_env_add GL_EXT_abgr GL_EXT_bgra GL_EXT_bindable_uniform GL_EXT_blend_color GL_EXT_blend_equation_separate GL_EXT_blend_func_separate GL_EXT_blend_minmax GL_EXT_blend_subtract GL_EXT_compiled_vertex_array GL_EXT_Cg_shader GL_EXT_depth_bounds_test GL_EXT_direct_state_access GL_EXT_draw_buffers2 GL_EXT_draw_instanced GL_EXT_draw_range_elements GL_EXT_fog_coord GL_EXT_framebuffer_blit GL_EXT_framebuffer_multisample GL_EXTX_framebuffer_mixed_formats GL_EXT_framebuffer_object GL_EXT_framebuffer_sRGB GL_EXT_geometry_shader4 GL_EXT_gpu_program_parameters GL_EXT_gpu_shader4 GL_EXT_multi_draw_arrays GL_EXT_packed_depth_stencil GL_EXT_packed_float GL_EXT_packed_pixels GL_EXT_pixel_buffer_object GL_EXT_point_parameters GL_EXT_provoking_vertex GL_EXT_rescale_normal GL_EXT_secondary_color GL_EXT_separate_shader_objects GL_EXT_separate_specular_color GL_EXT_shadow_funcs GL_EXT_stencil_two_side GL_EXT_stencil_wrap GL_EXT_texture3D GL_EXT_texture_array GL_EXT_texture_buffer_object GL_EXT_texture_compression_latc GL_EXT_texture_compression_rgtc GL_EXT_texture_compression_s3tc GL_EXT_texture_cube_map GL_EXT_texture_edge_clamp GL_EXT_texture_env_combine GL_EXT_texture_env_dot3 GL_EXT_texture_filter_anisotropic GL_EXT_texture_integer GL_EXT_texture_lod GL_EXT_texture_lod_bias GL_EXT_texture_mirror_clamp GL_EXT_texture_object GL_EXT_texture_shared_exponent GL_EXT_texture_sRGB GL_EXT_texture_swizzle GL_EXT_timer_query GL_EXT_vertex_array GL_EXT_vertex_array_bgra GL_IBM_rasterpos_clip GL_IBM_texture_mirrored_repeat GL_KTX_buffer_region GL_NV_blend_square GL_NV_conditional_render GL_NV_copy_depth_to_color GL_NV_copy_image GL_NV_depth_buffer_float GL_NV_depth_clamp GL_NV_explicit_multisample GL_NV_fence GL_NV_float_buffer GL_NV_fog_distance GL_NV_fragment_program GL_NV_fragment_program_option GL_NV_fragment_program2 GL_NV_framebuffer_multisample_coverage GL_NV_geometry_shader4 GL_NV_gpu_program4 GL_NV_half_float GL_NV_light_max_exponent GL_NV_multisample_coverage GL_NV_multisample_filter_hint GL_NV_occlusion_query GL_NV_packed_depth_stencil GL_NV_parameter_buffer_object GL_NV_parameter_buffer_object2 GL_NV_pixel_data_range GL_NV_point_sprite GL_NV_primitive_restart GL_NV_register_combiners GL_NV_register_combiners2 GL_NV_shader_buffer_load GL_NV_texgen_reflection GL_NV_texture_barrier GL_NV_texture_compression_vtc GL_NV_texture_env_combine4 GL_NV_texture_expand_normal GL_NV_texture_multisample GL_NV_texture_rectangle GL_NV_texture_shader GL_NV_texture_shader2 GL_NV_texture_shader3 GL_NV_transform_feedback GL_NV_vertex_array_range GL_NV_vertex_array_range2 GL_NV_vertex_buffer_unified_memory GL_NV_vertex_program GL_NV_vertex_program1_1 GL_NV_vertex_program2 GL_NV_vertex_program2_option GL_NV_vertex_program3 GL_NVX_conditional_render GL_NVX_gpu_memory_info GL_SGIS_generate_mipmap GL_SGIS_texture_lod GL_SGIX_depth_texture GL_SGIX_shadow GL_SUN_slice_accum GL_WIN_swap_hint WGL_EXT_swap_control 
11:14:30: Supported WGL extensions: WGL_ARB_buffer_region WGL_ARB_create_context WGL_ARB_create_context_profile WGL_ARB_extensions_string WGL_ARB_make_current_read WGL_ARB_multisample WGL_ARB_pbuffer WGL_ARB_pixel_format WGL_ARB_pixel_format_float WGL_ARB_render_texture WGL_ATI_pixel_format_float WGL_EXT_extensions_string WGL_EXT_framebuffer_sRGB WGL_EXT_pixel_format_packed_float WGL_EXT_swap_control WGL_NVX_DX_interop WGL_NV_float_buffer WGL_NV_multisample_coverage WGL_NV_render_depth_texture WGL_NV_render_texture_rectangle 
11:14:30: ***************************
11:14:30: *** GL Renderer Started ***
11:14:30: ***************************
11:14:30: Registering ResourceManager for type GpuProgram
11:14:30: GLSL support detected
11:14:30: GL: Using GL_EXT_framebuffer_object for rendering to textures (best)
11:14:30: FBO PF_UNKNOWN depth/stencil support: D16S0 D24S0 D32S0 Packed-D24S8 
11:14:30: FBO PF_L8 depth/stencil support: D0S0 D16S0 D24S0 D32S0 Packed-D24S8 
11:14:30: FBO PF_A8 depth/stencil support: D0S0 D16S0 D24S0 D32S0 Packed-D24S8 
11:14:30: FBO PF_A4L4 depth/stencil support: D0S0 D16S0 D24S0 D32S0 Packed-D24S8 
11:14:30: FBO PF_BYTE_LA depth/stencil support: D0S0 D16S0 D24S0 D32S0 Packed-D24S8 
11:14:30: FBO PF_R5G6B5 depth/stencil support: D0S0 D16S0 D24S0 D32S0 Packed-D24S8 
11:14:30: FBO PF_B5G6R5 depth/stencil support: D0S0 D16S0 D24S0 D32S0 Packed-D24S8 
11:14:30: FBO PF_A1R5G5B5 depth/stencil support: D0S0 D16S0 D24S0 D32S0 Packed-D24S8 
11:14:30: FBO PF_R8G8B8 depth/stencil support: D0S0 D16S0 D24S0 D32S0 Packed-D24S8 
11:14:30: FBO PF_B8G8R8 depth/stencil support: D0S0 D16S0 D24S0 D32S0 Packed-D24S8 
11:14:30: FBO PF_A8R8G8B8 depth/stencil support: D0S0 D16S0 D24S0 D32S0 Packed-D24S8 
11:14:30: FBO PF_B8G8R8A8 depth/stencil support: D0S0 D16S0 D24S0 D32S0 Packed-D24S8 
11:14:30: FBO PF_A2R10G10B10 depth/stencil support: D0S0 D16S0 D24S0 D32S0 Packed-D24S8 
11:14:30: FBO PF_A2B10G10R10 depth/stencil support: D0S0 D16S0 D24S0 D32S0 Packed-D24S8 
11:14:30: FBO PF_FLOAT16_RGB depth/stencil support: D0S0 D16S0 D24S0 D32S0 Packed-D24S8 
11:14:30: FBO PF_FLOAT16_RGBA depth/stencil support: D0S0 D16S0 D24S0 D32S0 Packed-D24S8 
11:14:30: FBO PF_FLOAT32_RGB depth/stencil support: D0S0 D16S0 D24S0 D32S0 Packed-D24S8 
11:14:30: FBO PF_FLOAT32_RGBA depth/stencil support: D0S0 D16S0 D24S0 D32S0 Packed-D24S8 
11:14:30: FBO PF_X8R8G8B8 depth/stencil support: D0S0 D16S0 D24S0 D32S0 Packed-D24S8 
11:14:30: FBO PF_X8B8G8R8 depth/stencil support: D0S0 D16S0 D24S0 D32S0 Packed-D24S8 
11:14:30: FBO PF_SHORT_RGBA depth/stencil support: D0S0 D16S0 D24S0 D32S0 Packed-D24S8 
11:14:30: FBO PF_R3G3B2 depth/stencil support: D0S0 D16S0 D24S0 D32S0 Packed-D24S8 
11:14:30: FBO PF_FLOAT16_R depth/stencil support: D0S0 D16S0 D24S0 D32S0 Packed-D24S8 
11:14:30: FBO PF_FLOAT32_R depth/stencil support: D0S0 D16S0 D24S0 D32S0 Packed-D24S8 
11:14:30: FBO PF_FLOAT16_GR depth/stencil support: D0S0 D16S0 D24S0 D32S0 Packed-D24S8 
11:14:30: FBO PF_FLOAT32_GR depth/stencil support: D0S0 D16S0 D24S0 D32S0 Packed-D24S8 
11:14:30: FBO PF_SHORT_RGB depth/stencil support: D0S0 D16S0 D24S0 D32S0 Packed-D24S8 
11:14:30: [GL] : Valid FBO targets PF_UNKNOWN PF_L8 PF_A8 PF_A4L4 PF_BYTE_LA PF_R5G6B5 PF_B5G6R5 PF_A1R5G5B5 PF_R8G8B8 PF_B8G8R8 PF_A8R8G8B8 PF_B8G8R8A8 PF_A2R10G10B10 PF_A2B10G10R10 PF_FLOAT16_RGB PF_FLOAT16_RGBA PF_FLOAT32_RGB PF_FLOAT32_RGBA PF_X8R8G8B8 PF_X8B8G8R8 PF_SHORT_RGBA PF_R3G3B2 PF_FLOAT16_R PF_FLOAT32_R PF_FLOAT16_GR PF_FLOAT32_GR PF_SHORT_RGB 
11:14:30: RenderSystem capabilities
11:14:30: -------------------------
11:14:30: RenderSystem Name: OpenGL Rendering Subsystem
11:14:30: GPU Vendor: nvidia
11:14:30: Device Name: GeForce 9600M GT/PCI/SSE2
11:14:30: Driver Version: 3.3.0.0
11:14:30:  * Fixed function pipeline: yes
11:14:30:  * Hardware generation of mipmaps: yes
11:14:30:  * Texture blending: yes
11:14:30:  * Anisotropic texture filtering: yes
11:14:30:  * Dot product texture operation: yes
11:14:30:  * Cube mapping: yes
11:14:30:  * Hardware stencil buffer: yes
11:14:30:    - Stencil depth: 8
11:14:30:    - Two sided stencil support: yes
11:14:30:    - Wrap stencil values: yes
11:14:30:  * Hardware vertex / index buffers: yes
11:14:30:  * Vertex programs: yes
11:14:30:  * Number of floating-point constants for vertex programs: 1024
11:14:30:  * Number of integer constants for vertex programs: 0
11:14:30:  * Number of boolean constants for vertex programs: 0
11:14:30:  * Fragment programs: yes
11:14:30:  * Number of floating-point constants for fragment programs: 512
11:14:30:  * Number of integer constants for fragment programs: 0
11:14:30:  * Number of boolean constants for fragment programs: 0
11:14:30:  * Geometry programs: yes
11:14:30:  * Number of floating-point constants for geometry programs: 512
11:14:30:  * Number of integer constants for geometry programs: 0
11:14:30:  * Number of boolean constants for geometry programs: 0
11:14:30:  * Supported Shader Profiles: arbfp1 arbvp1 fp20 fp30 fp40 glsl gp4gp gpu_gp nvgp4 vp30 vp40
11:14:30:  * Texture Compression: yes
11:14:30:    - DXT: yes
11:14:30:    - VTC: yes
11:14:30:    - PVRTC: no
11:14:30:  * Scissor Rectangle: yes
11:14:30:  * Hardware Occlusion Query: yes
11:14:30:  * User clip planes: yes
11:14:30:  * VET_UBYTE4 vertex element type: yes
11:14:30:  * Infinite far plane projection: yes
11:14:30:  * Hardware render-to-texture: yes
11:14:30:  * Floating point textures: yes
11:14:30:  * Non-power-of-two textures: yes
11:14:30:  * Volume textures: yes
11:14:30:  * Multiple Render Targets: 8
11:14:30:    - With different bit depths: yes
11:14:30:  * Point Sprites: yes
11:14:30:  * Extended point parameters: yes
11:14:30:  * Max Point Size: 63.375
11:14:30:  * Vertex texture fetch: yes
11:14:30:  * Number of world matrices: 0
11:14:30:  * Number of texture units: 32
11:14:30:  * Stencil buffer depth: 8
11:14:30:  * Number of vertex blend matrices: 0
11:14:30:    - Max vertex textures: 32
11:14:30:    - Vertex textures shared: yes
11:14:30:  * Render to Vertex Buffer : yes
11:14:30:  * GL 1.5 without VBO workaround: no
11:14:30:  * Frame Buffer objects: yes
11:14:30:  * Frame Buffer objects (ARB extension): no
11:14:30:  * Frame Buffer objects (ATI extension): no
11:14:30:  * PBuffer support: yes
11:14:30:  * GL 1.5 without HW-occlusion workaround: no
11:14:30: Registering ResourceManager for type Texture
11:14:31: Using FSAA from GL_ARB_multisample extension.
11:14:31: DefaultWorkQueue('Root') initialising on thread 00530C90.
11:14:31: Particle Renderer Type 'billboard' registered
11:14:31: DefaultWorkQueue('Root')::WorkerFunc - thread 0060B300 starting.
11:14:31: DefaultWorkQueue('Root')::WorkerFunc - thread 0060B330 starting.
11:14:31: SceneManagerFactory for type 'BspSceneManager' registered.
11:14:31: Registering ResourceManager for type BspLevel
11:14:31: SceneManagerFactory for type 'OctreeSceneManager' registered.
11:14:31: SceneManagerFactory for type 'TerrainSceneManager' registered.
11:14:31: Parsing scripts for resource group Autodetect
11:14:31: Finished parsing scripts for resource group Autodetect
11:14:31: Parsing scripts for resource group Bootstrap
11:14:31: Parsing script OgreCore.material
11:14:31: Parsing script OgreProfiler.material
11:14:31: Parsing script Ogre.fontdef
11:14:31: Parsing script OgreDebugPanel.overlay
11:14:31: Texture: New_Ogre_Border_Center.png: Loading 1 faces(PF_A8R8G8B8,256x128x1) with 5 generated mipmaps from Image. Internal format is PF_A8R8G8B8,256x128x1.
11:14:31: Texture: New_Ogre_Border.png: Loading 1 faces(PF_A8R8G8B8,256x256x1) with 5 generated mipmaps from Image. Internal format is PF_A8R8G8B8,256x256x1.
11:14:31: Texture: New_Ogre_Border_Break.png: Loading 1 faces(PF_A8R8G8B8,32x32x1) with 5 generated mipmaps from Image. Internal format is PF_A8R8G8B8,32x32x1.
11:14:31: Texture: ogretext.png: Loading 1 faces(PF_A8R8G8B8,256x128x1) with 5 generated mipmaps from Image. Internal format is PF_A8R8G8B8,256x128x1.
11:14:31: Parsing script OgreLoadingPanel.overlay
11:14:31: Finished parsing scripts for resource group Bootstrap
11:14:31: Parsing scripts for resource group General
11:14:31: Parsing script Examples.program
11:14:31: Parsing script StdQuad_vp.program
11:14:31: Parsing script BlackAndWhite.material
11:14:31: Parsing script Bloom.material
11:14:31: GLSL compiling: Blur_ps_glsl
11:14:31: GLSL compiled : Blur_ps_glsl
11:14:31: GLSL compiling: Blur0_vs_glsl
11:14:31: GLSL compiled : Blur0_vs_glsl
11:14:31: GLSL compiling: Blur1_vs_glsl
11:14:31: GLSL compiled : Blur1_vs_glsl
11:14:31: Parsing script DOF.material
11:14:31: Compiler error: object name expected in DOF.material(55)
11:14:31: OGRE EXCEPTION(7:InternalErrorException): Unable to find CG profile enum for program DOF_Blend_ps: The parameter used is invalid. in CgProgram::selectProfile at .\src\OgreCgProgramManagerDll.cpp (line 67)
11:14:31: High-level program DOF_Blend_ps encountered an error during loading and is thus not supported.
OGRE EXCEPTION(7:InternalErrorException): Unable to find CG profile enum for program DOF_Blend_ps: The parameter used is invalid. in CgProgram::selectProfile at .\src\OgreCgProgramManagerDll.cpp (line 67)
11:14:31: Parsing script Embossed.material
11:14:31: Parsing script Example-DynTex.material
11:14:31: Parsing script Example-Water.material
11:14:31: Parsing script Example.material
11:14:31: Parsing script Examples-Advanced.material
11:14:31: Compiler error: object unsupported by render system in Examples-Advanced.material(642)
11:14:31: Parsing script facial.material
11:14:31: Parsing script Glass.material
11:14:31: Parsing script hdr.material
11:14:31: GLSL compiling: Ogre/Compositor/HDR/downscale2x2LuminenceGLSL_fp
11:14:31: GLSL compiled : Ogre/Compositor/HDR/downscale2x2LuminenceGLSL_fp
11:14:31: GLSL compiling: Ogre/Compositor/StdQuad_GLSL_vp
11:14:31: GLSL compiled : Ogre/Compositor/StdQuad_GLSL_vp
11:14:31: GLSL compiling: Ogre/Compositor/HDR/downscale3x3GLSL_fp
11:14:31: GLSL compiled : Ogre/Compositor/HDR/downscale3x3GLSL_fp
11:14:31: GLSL compiling: Ogre/Compositor/HDR/utils_fp
11:14:31: GLSL compiled : Ogre/Compositor/HDR/utils_fp
11:14:31: GLSL compiling: Ogre/Compositor/HDR/downscale3x3brightpassGLSL_fp
11:14:31: GLSL compiled : Ogre/Compositor/HDR/downscale3x3brightpassGLSL_fp
11:14:31: GLSL compiling: Ogre/Compositor/HDR/bloomGLSL_fp
11:14:31: GLSL compiled : Ogre/Compositor/HDR/bloomGLSL_fp
11:14:31: GLSL compiling: Ogre/Compositor/HDR/utils_fp
11:14:31: GLSL compiled : Ogre/Compositor/HDR/utils_fp
11:14:31: GLSL compiling: Ogre/Compositor/HDR/finaltonemappingGLSL_fp
11:14:31: GLSL compiled : Ogre/Compositor/HDR/finaltonemappingGLSL_fp
11:14:31: Parsing script HeatVision.material
11:14:31: Parsing script Hurt.material
11:14:31: Parsing script Invert.material
11:14:31: Parsing script Laplace.material
11:14:31: Parsing script MotionBlur.material
11:14:31: Parsing script Ocean.material
11:14:31: GLSL compiling: GLSL/OceanVS
11:14:31: GLSL compiled : GLSL/OceanVS
11:14:31: GLSL compiling: GLSL/OceanFS
11:14:31: GLSL compiled : GLSL/OceanFS
11:14:31: GLSL compiling: GLSL/Ocean2VS
11:14:31: GLSL compiled : GLSL/Ocean2VS
11:14:31: GLSL compiling: GLSL/Ocean2FS
11:14:31: GLSL compiled : GLSL/Ocean2FS
11:14:31: Parsing script OffsetMapping.material
11:14:31: Compiler error: object unsupported by render system in OffsetMapping.material(18)
11:14:31: Parsing script Ogre.material
11:14:31: Parsing script OldMovie.material
11:14:31: Compiler error: number expected in OldMovie.material(28): incorrect float constant declaration
11:14:31: Parsing script OldTV.material
11:14:31: Parsing script Posterize.material
11:14:31: Parsing script RZR-002.material
11:14:31: Parsing script SharpenEdges.material
11:14:31: Parsing script smoke.material
11:14:31: Parsing script Tiling.material
11:14:31: Parsing script fresnelenviron.material
11:14:31: Parsing script Example-Water.particle
11:14:31: Parsing script Example.particle
11:14:31: Parsing script smoke.particle
11:14:31: Parsing script Examples.compositor
11:14:31: Parsing script sample.fontdef
11:14:31: Parsing script Compositor.overlay
11:14:31: Parsing script DP3.overlay
11:14:31: Parsing script Example-CubeMapping.overlay
11:14:31: Parsing script Example-DynTex.overlay
11:14:31: Parsing script Example-Water.overlay
11:14:31: Parsing script Shadows.overlay
11:14:31: Finished parsing scripts for resource group General
11:14:31: Parsing scripts for resource group Internal
11:14:31: Finished parsing scripts for resource group Internal
11:14:31: Mesh: Loading ninja.mesh.
11:14:31: Skeleton: Loading ninja.skeleton
11:14:31: WARNING: ninja.mesh is an older format ([MeshSerializer_v1.30]); you should upgrade it as soon as possible using the OgreMeshUpgrade tool.
11:14:31: Texture: nskingr.jpg: Loading 1 faces(PF_R8G8B8,512x512x1) with 5 generated mipmaps from Image. Internal format is PF_X8R8G8B8,512x512x1.
11:14:31: Texture: rockwall.tga: Loading 1 faces(PF_R8G8B8,256x256x1) with 5 generated mipmaps from Image. Internal format is PF_X8R8G8B8,256x256x1.
11:14:31: Texture: spot_shadow_fade.png: Loading 1 faces(PF_R8G8B8,128x128x1) with 5 generated mipmaps from Image. Internal format is PF_X8R8G8B8,128x128x1.
11:14:47: DefaultWorkQueue('Root') shutting down on thread 00530C90.
11:14:47: DefaultWorkQueue('Root')::WorkerFunc - thread 0060B300 stopped.
11:14:47: DefaultWorkQueue('Root')::WorkerFunc - thread 0060B330 stopped.
11:14:47: Unregistering ResourceManager for type BspLevel
11:14:47: *-*-* OGRE Shutdown
11:14:47: Unregistering ResourceManager for type Compositor
11:14:47: Unregistering ResourceManager for type Font
11:14:47: Unregistering ResourceManager for type Skeleton
11:14:47: Unregistering ResourceManager for type Mesh
11:14:47: Unregistering ResourceManager for type HighLevelGpuProgram
11:14:47: Uninstalling plugin: Cg Program Manager
11:14:47: Plugin successfully uninstalled
11:14:47: Unloading library ../plugins\Plugin_CgProgramManager.dll
11:14:47: Uninstalling plugin: Octree & Terrain Scene Manager
11:14:47: Plugin successfully uninstalled
11:14:47: Unloading library ../plugins\Plugin_OctreeSceneManager.dll
11:14:47: Uninstalling plugin: BSP Scene Manager
11:14:47: Plugin successfully uninstalled
11:14:47: Unloading library ../plugins\Plugin_BSPSceneManager.dll
11:14:47: Uninstalling plugin: ParticleFX
11:14:47: Plugin successfully uninstalled
11:14:47: Unloading library ../plugins\Plugin_ParticleFX.dll
11:14:47: Uninstalling plugin: D3D9 RenderSystem
11:14:47: D3D9 : Shutting down cleanly.
11:14:47: D3D9 : Direct3D9 Rendering Subsystem destroyed.
11:14:47: Plugin successfully uninstalled
11:14:47: Unloading library ../plugins\RenderSystem_Direct3D9.dll
11:14:47: Uninstalling plugin: GL RenderSystem
11:14:47: Unregistering ResourceManager for type GpuProgram
11:14:47: *** Stopping Win32GL Subsystem ***
11:14:47: Unregistering ResourceManager for type Texture
11:14:47: Plugin successfully uninstalled
11:14:47: Unloading library ../plugins\RenderSystem_GL.dll
11:14:47: Unregistering ResourceManager for type Material
